mar. 30, 2025 6:31:59 PM liquibase.changelog
INFO: Reading resource: db/changelog/migrations/db.changelog-202503021447.sql
mar. 30, 2025 6:32:00 PM liquibase.changelog
INFO: Reading from board.databasechangelog
mar. 30, 2025 6:32:00 PM liquibase.changelog
INFO: Reading resource: db/changelog/migrations/db.changelog-202503021534.sql
mar. 30, 2025 6:32:00 PM liquibase.changelog
INFO: Reading resource: db/changelog/migrations/db.changelog-202503021544.sql
mar. 30, 2025 6:32:00 PM liquibase.changelog
INFO: Reading resource: db/changelog/migrations/db.changelog-202503021546.sql
mar. 30, 2025 6:32:00 PM liquibase.changelog
INFO: Reading resource: db/changelog/migrations/db.changelog-202503081016.sql
mar. 30, 2025 6:32:00 PM liquibase.changelog
INFO: Reading resource: db/changelog/migrations/db.changelog-202503081050.sql
Database is up to date, no changesets to execute
mar. 30, 2025 6:32:00 PM liquibase.changelog
INFO: Reading from board.databasechangelog

UPDATE SUMMARY
Run:                          0
Previously run:               6
Filtered out:                 0
-------------------------------
Total change sets:            6

mar. 30, 2025 6:32:00 PM liquibase.util
INFO: UPDATE SUMMARY
mar. 30, 2025 6:32:00 PM liquibase.util
INFO: Run:                          0
mar. 30, 2025 6:32:00 PM liquibase.util
INFO: Previously run:               6
mar. 30, 2025 6:32:00 PM liquibase.util
INFO: Filtered out:                 0
mar. 30, 2025 6:32:00 PM liquibase.util
INFO: -------------------------------
mar. 30, 2025 6:32:00 PM liquibase.util
INFO: Total change sets:            6
mar. 30, 2025 6:32:00 PM liquibase.util
INFO: Update summary generated
mar. 30, 2025 6:32:00 PM liquibase.command
INFO: Command execution complete
